Arguments: 
  C:\Program Files\nodejs\node.exe C:\Program Files (x86)\Yarn\bin\yarn.js init

PATH: 
  C:\Python27\;C:\Python27\Scripts;C:\Program Files (x86)\Common Files\Oracle\Java\javapath;C:\Program Files (x86)\Common Files\Intel\Shared Libraries\redist\intel64\compiler;C:\Windows\system32;C:\Windows;C:\Windows\System32\Wbem;C:\Windows\System32\WindowsPowerShell\v1.0\;C:\Windows\System32\OpenSSH\;C:\Program Files\Intel\WiFi\bin\;C:\Program Files\Common Files\Intel\WirelessCommon\;C:\Program Files (x86)\NVIDIA Corporation\PhysX\Common;C:\Program Files\PuTTY\;C:\Program Files\NVIDIA Corporation\NVIDIA NvDLISR;C:\WINDOWS\system32;C:\WINDOWS;C:\WINDOWS\System32\Wbem;C:\WINDOWS\System32\WindowsPowerShell\v1.0\;C:\WINDOWS\System32\OpenSSH\;C:\Program Files (x86)\Yarn\bin\;C:\ProgramData\chocolatey\bin;C:\Program Files\nodejs\;C:\Program Files\Git\cmd;C:\Users\pimi-laptop\AppData\Local\Microsoft\WindowsApps;C:\Program Files\Intel\WiFi\bin\;C:\Program Files\Common Files\Intel\WirelessCommon\;C:\Users\pimi-laptop\AppData\Local\Programs\Fiddler;C:\Users\pimi-laptop\AppData\Local\Programs\Microsoft VS Code\bin;C:\Users\pimi-laptop\AppData\Local\Android\Sdk\platform-tools;C:\Users\pimi-laptop\AppData\Local\Microsoft\WindowsApps;C:\Users\pimi-laptop\AppData\Local\Yarn\bin;C:\Users\pimi-laptop\AppData\Roaming\npm;C:\Program Files\heroku\bin

Yarn version: 
  1.15.2

Node version: 
  12.4.0

Platform: 
  win32 x64

Trace: 
  Error: canceled
      at Interface.<anonymous> (C:\Program Files (x86)\Yarn\lib\cli.js:125801:13)
      at Interface.emit (events.js:200:13)
      at Interface._ttyWrite (readline.js:877:16)
      at ReadStream.onkeypress (readline.js:189:10)
      at ReadStream.emit (events.js:200:13)
      at emitKeys (internal/readline.js:424:14)
      at emitKeys.next (<anonymous>)
      at ReadStream.onData (readline.js:1145:36)
      at ReadStream.emit (events.js:200:13)
      at addChunk (_stream_readable.js:294:12)

npm manifest: 
  {
    "name": "products-grid",
    "private": true,
    "version": "0.0.1",
    "description": "Build a grid of product items and ads",
    "main": "server/index.js",
    "scripts": {
      "start": "json-server server/index.js --routes server/routes.json --middlewares server/handle-delay.js server/handle-ads.js",
      "test": "echo \"Error: no test specified\" && exit 1"
    },
    "author": "peyman-hakemi-far",
    "license": "",
    "dependencies": {
      "cool-ascii-faces": "^1.3.4",
      "json-server": "^0.9.6"
    }
  }

yarn manifest: 
  No manifest

Lockfile: 
  No lockfile
